<?xml version="1.0" encoding="UTF-8"?>
<testng-results ignored="7" total="8" passed="0" failed="1" skipped="0">
  <reporter-output>
  </reporter-output>
  <suite started-at="2023-12-01T16:05:58 CST" name="Default suite" finished-at="2023-12-01T16:06:04 CST" duration-ms="6696">
    <groups>
    </groups>
    <test started-at="2023-12-01T16:05:58 CST" name="Default test" finished-at="2023-12-01T16:06:04 CST" duration-ms="6696">
      <class name="com.Models.request.GitApiAutomation">
        <test-method is-config="true" signature="setUp()[pri:0, instance:com.Models.request.GitApiAutomation@4cc451f2]" started-at="2023-12-01T16:05:58 CST" name="setUp" finished-at="2023-12-01T16:05:59 CST" duration-ms="1041" status="PASS">
          <reporter-output>
          </reporter-output>
        </test-method> <!-- setUp -->
        <test-method signature="GetAllRepos()[pri:0, instance:com.Models.request.GitApiAutomation@4cc451f2]" started-at="2023-12-01T16:05:59 CST" name="GetAllRepos" finished-at="2023-12-01T16:06:04 CST" duration-ms="5512" status="FAIL">
          <exception class="java.lang.AssertionError">
            <message>
              <![CDATA[1 expectation failed.
Response body doesn't match expectation.
Expected: The content to match the given JSON schema.
error: instance type (null) does not match any allowed primitive type (allowed: ["string"])
    level: "error"
    schema: {"loadingURI":"#","pointer":"/items/properties/description"}
    instance: {"pointer":"/0/description"}
    domain: "validation"
    keyword: "type"
    found: "null"
    expected: ["string"]

  Actual: [{"id":725900425,"node_id":"R_kgDOK0RciQ","name":"APITest","full_name":"chivateneha/APITest","private":false,"owner":{"login":"chivateneha","id":149008324,"node_id":"U_kgDOCOGvxA","avatar_url":"https://avatars.githubusercontent.com/u/149008324?v=4","gravatar_id":"","url":"https://api.github.com/users/chivateneha","html_url":"https://github.com/chivateneha","followers_url":"https://api.github.com/users/chivateneha/followers","following_url":"https://api.github.com/users/chivateneha/following{/other_user}","gists_url":"https://api.github.com/users/chivateneha/gists{/gist_id}","starred_url":"https://api.github.com/users/chivateneha/starred{/owner}{/repo}","subscriptions_url":"https://api.github.com/users/chivateneha/subscriptions","organizations_url":"https://api.github.com/users/chivateneha/orgs","repos_url":"https://api.github.com/users/chivateneha/repos","events_url":"https://api.github.com/users/chivateneha/events{/privacy}","received_events_url":"https://api.github.com/users/chivateneha/received_events","type":"User","site_admin":false},"html_url":"https://github.com/chivateneha/APITest","description":null,"fork":false,"url":"https://api.github.com/repos/chivateneha/APITest","forks_url":"https://api.github.com/repos/chivateneha/APITest/forks","keys_url":"https://api.github.com/repos/chivateneha/APITest/keys{/key_id}","collaborators_url":"https://api.github.com/repos/chivateneha/APITest/collaborators{/collaborator}","teams_url":"https://api.github.com/repos/chivateneha/APITest/teams","hooks_url":"https://api.github.com/repos/chivateneha/APITest/hooks","issue_events_url":"https://api.github.com/repos/chivateneha/APITest/issues/events{/number}","events_url":"https://api.github.com/repos/chivateneha/APITest/events","assignees_url":"https://api.github.com/repos/chivateneha/APITest/assignees{/user}","branches_url":"https://api.github.com/repos/chivateneha/APITest/branches{/branch}","tags_url":"https://api.github.com/repos/chivateneha/APITest/tags","blobs_url":"https://api.github.com/repos/chivateneha/APITest/git/blobs{/sha}","git_tags_url":"https://api.github.com/repos/chivateneha/APITest/git/tags{/sha}","git_refs_url":"https://api.github.com/repos/chivateneha/APITest/git/refs{/sha}","trees_url":"https://api.github.com/repos/chivateneha/APITest/git/trees{/sha}","statuses_url":"https://api.github.com/repos/chivateneha/APITest/statuses/{sha}","languages_url":"https://api.github.com/repos/chivateneha/APITest/languages","stargazers_url":"https://api.github.com/repos/chivateneha/APITest/stargazers","contributors_url":"https://api.github.com/repos/chivateneha/APITest/contributors","subscribers_url":"https://api.github.com/repos/chivateneha/APITest/subscribers","subscription_url":"https://api.github.com/repos/chivateneha/APITest/subscription","commits_url":"https://api.github.com/repos/chivateneha/APITest/commits{/sha}","git_commits_url":"https://api.github.com/repos/chivateneha/APITest/git/commits{/sha}","comments_url":"https://api.github.com/repos/chivateneha/APITest/comments{/number}","issue_comment_url":"https://api.github.com/repos/chivateneha/APITest/issues/comments{/number}","contents_url":"https://api.github.com/repos/chivateneha/APITest/contents/{+path}","compare_url":"https://api.github.com/repos/chivateneha/APITest/compare/{base}...{head}","merges_url":"https://api.github.com/repos/chivateneha/APITest/merges","archive_url":"https://api.github.com/repos/chivateneha/APITest/{archive_format}{/ref}","downloads_url":"https://api.github.com/repos/chivateneha/APITest/downloads","issues_url":"https://api.github.com/repos/chivateneha/APITest/issues{/number}","pulls_url":"https://api.github.com/repos/chivateneha/APITest/pulls{/number}","milestones_url":"https://api.github.com/repos/chivateneha/APITest/milestones{/number}","notifications_url":"https://api.github.com/repos/chivateneha/APITest/notifications{?since,all,participating}","labels_url":"https://api.github.com/repos/chivateneha/APITest/labels{/name}","releases_url":"https://api.github.com/repos/chivateneha/APITest/releases{/id}","deployments_url":"https://api.github.com/repos/chivateneha/APITest/deployments","created_at":"2023-12-01T05:23:22Z","updated_at":"2023-12-01T05:35:20Z","pushed_at":"2023-12-01T05:35:16Z","git_url":"git://github.com/chivateneha/APITest.git","ssh_url":"git@github.com:chivateneha/APITest.git","clone_url":"https://github.com/chivateneha/APITest.git","svn_url":"https://github.com/chivateneha/APITest","homepage":null,"size":60,"stargazers_count":0,"watchers_count":0,"language":"HTML","has_issues":true,"has_projects":true,"has_downloads":true,"has_wiki":true,"has_pages":false,"has_discussions":false,"forks_count":0,"mirror_url":null,"archived":false,"disabled":false,"open_issues_count":0,"license":null,"allow_forking":true,"is_template":false,"web_commit_signoff_required":false,"topics":[],"visibility":"public","forks":0,"open_issues":0,"watchers":0,"default_branch":"main","permissions":{"admin":true,"maintain":true,"push":true,"triage":true,"pull":true}},{"id":725879969,"node_id":"R_kgDOK0QMoQ","name":"byebye-World1","full_name":"chivateneha/byebye-World1","private":true,"owner":{"login":"chivateneha","id":149008324,"node_id":"U_kgDOCOGvxA","avatar_url":"https://avatars.githubusercontent.com/u/149008324?v=4","gravatar_id":"","url":"https://api.github.com/users/chivateneha","html_url":"https://github.com/chivateneha","followers_url":"https://api.github.com/users/chivateneha/followers","following_url":"https://api.github.com/users/chivateneha/following{/other_user}","gists_url":"https://api.github.com/users/chivateneha/gists{/gist_id}","starred_url":"https://api.github.com/users/chivateneha/starred{/owner}{/repo}","subscriptions_url":"https://api.github.com/users/chivateneha/subscriptions","organizations_url":"https://api.github.com/users/chivateneha/orgs","repos_url":"https://api.github.com/users/chivateneha/repos","events_url":"https://api.github.com/users/chivateneha/events{/privacy}","received_events_url":"https://api.github.com/users/chivateneha/received_events","type":"User","site_admin":false},"html_url":"https://github.com/chivateneha/byebye-World1","description":"my repository created using apis after update","fork":false,"url":"https://api.github.com/repos/chivateneha/byebye-World1","forks_url":"https://api.github.com/repos/chivateneha/byebye-World1/forks","keys_url":"https://api.github.com/repos/chivateneha/byebye-World1/keys{/key_id}","collaborators_url":"https://api.github.com/repos/chivateneha/byebye-World1/collaborators{/collaborator}","teams_url":"https://api.github.com/repos/chivateneha/byebye-World1/teams","hooks_url":"https://api.github.com/repos/chivateneha/byebye-World1/hooks","issue_events_url":"https://api.github.com/repos/chivateneha/byebye-World1/issues/events{/number}","events_url":"https://api.github.com/repos/chivateneha/byebye-World1/events","assignees_url":"https://api.github.com/repos/chivateneha/byebye-World1/assignees{/user}","branches_url":"https://api.github.com/repos/chivateneha/byebye-World1/branches{/branch}","tags_url":"https://api.github.com/repos/chivateneha/byebye-World1/tags","blobs_url":"https://api.github.com/repos/chivateneha/byebye-World1/git/blobs{/sha}","git_tags_url":"https://api.github.com/repos/chivateneha/byebye-World1/git/tags{/sha}","git_refs_url":"https://api.github.com/repos/chivateneha/byebye-World1/git/refs{/sha}","trees_url":"https://api.github.com/repos/chivateneha/byebye-World1/git/trees{/sha}","statuses_url":"https://api.github.com/repos/chivateneha/byebye-World1/statuses/{sha}","languages_url":"https://api.github.com/repos/chivateneha/byebye-World1/languages","stargazers_url":"https://api.github.com/repos/chivateneha/byebye-World1/stargazers","contributors_url":"https://api.github.com/repos/chivateneha/byebye-World1/contributors","subscribers_url":"https://api.github.com/repos/chivateneha/byebye-World1/subscribers","subscription_url":"https://api.github.com/repos/chivateneha/byebye-World1/subscription","commits_url":"https://api.github.com/repos/chivateneha/byebye-World1/commits{/sha}","git_commits_url":"https://api.github.com/repos/chivateneha/byebye-World1/git/commits{/sha}","comments_url":"https://api.github.com/repos/chivateneha/byebye-World1/comments{/number}","issue_comment_url":"https://api.github.com/repos/chivateneha/byebye-World1/issues/comments{/number}","contents_url":"https://api.github.com/repos/chivateneha/byebye-World1/contents/{+path}","compare_url":"https://api.github.com/repos/chivateneha/byebye-World1/compare/{base}...{head}","merges_url":"https://api.github.com/repos/chivateneha/byebye-World1/merges","archive_url":"https://api.github.com/repos/chivateneha/byebye-World1/{archive_format}{/ref}","downloads_url":"https://api.github.com/repos/chivateneha/byebye-World1/downloads","issues_url":"https://api.github.com/repos/chivateneha/byebye-World1/issues{/number}","pulls_url":"https://api.github.com/repos/chivateneha/byebye-World1/pulls{/number}","milestones_url":"https://api.github.com/repos/chivateneha/byebye-World1/milestones{/number}","notifications_url":"https://api.github.com/repos/chivateneha/byebye-World1/notifications{?since,all,participating}","labels_url":"https://api.github.com/repos/chivateneha/byebye-World1/labels{/name}","releases_url":"https://api.github.com/repos/chivateneha/byebye-World1/releases{/id}","deployments_url":"https://api.github.com/repos/chivateneha/byebye-World1/deployments","created_at":"2023-12-01T04:02:53Z","updated_at":"2023-12-01T04:18:19Z","pushed_at":"2023-12-01T04:02:53Z","git_url":"git://github.com/chivateneha/byebye-World1.git","ssh_url":"git@github.com:chivateneha/byebye-World1.git","clone_url":"https://github.com/chivateneha/byebye-World1.git","svn_url":"https://github.com/chivateneha/byebye-World1","homepage":"https: //github.com","size":0,"stargazers_count":0,"watchers_count":0,"language":null,"has_issues":true,"has_projects":true,"has_downloads":true,"has_wiki":false,"has_pages":false,"has_discussions":false,"forks_count":0,"mirror_url":null,"archived":false,"disabled":false,"open_issues_count":0,"license":null,"allow_forking":true,"is_template":false,"web_commit_signoff_required":false,"topics":[],"visibility":"private","forks":0,"open_issues":0,"watchers":0,"default_branch":"main","permissions":{"admin":true,"maintain":true,"push":true,"triage":true,"pull":true}},{"id":725360504,"node_id":"R_kgDOKzwfeA","name":"CucumberPom","full_name":"chivateneha/CucumberPom","private":false,"owner":{"login":"chivateneha","id":149008324,"node_id":"U_kgDOCOGvxA","avatar_url":"https://avatars.githubusercontent.com/u/149008324?v=4","gravatar_id":"","url":"https://api.github.com/users/chivateneha","html_url":"https://github.com/chivateneha","followers_url":"https://api.github.com/users/chivateneha/followers","following_url":"https://api.github.com/users/chivateneha/following{/other_user}","gists_url":"https://api.github.com/users/chivateneha/gists{/gist_id}","starred_url":"https://api.github.com/users/chivateneha/starred{/owner}{/repo}","subscriptions_url":"https://api.github.com/users/chivateneha/subscriptions","organizations_url":"https://api.github.com/users/chivateneha/orgs","repos_url":"https://api.github.com/users/chivateneha/repos","events_url":"https://api.github.com/users/chivateneha/events{/privacy}","received_events_url":"https://api.github.com/users/chivateneha/received_events","type":"User","site_admin":false},"html_url":"https://github.com/chivateneha/CucumberPom","description":null,"fork":false,"url":"https://api.github.com/repos/chivateneha/CucumberPom","forks_url":"https://api.github.com/repos/chivateneha/CucumberPom/forks","keys_url":"https://api.github.com/repos/chivateneha/CucumberPom/keys{/key_id}","collaborators_url":"https://api.github.com/repos/chivateneha/CucumberPom/collaborators{/collaborator}","teams_url":"https://api.github.com/repos/chivateneha/CucumberPom/teams","hooks_url":"https://api.github.com/repos/chivateneha/CucumberPom/hooks","issue_events_url":"https://api.github.com/repos/chivateneha/CucumberPom/issues/events{/number}","events_url":"https://api.github.com/repos/chivateneha/CucumberPom/events","assignees_url":"https://api.github.com/repos/chivateneha/CucumberPom/assignees{/user}","branches_url":"https://api.github.com/repos/chivateneha/CucumberPom/branches{/branch}","tags_url":"https://api.github.com/repos/chivateneha/CucumberPom/tags","blobs_url":"https://api.github.com/repos/chivateneha/CucumberPom/git/blobs{/sha}","git_tags_url":"https://api.github.com/repos/chivateneha/CucumberPom/git/tags{/sha}","git_refs_url":"https://api.github.com/repos/chivateneha/CucumberPom/git/refs{/sha}","trees_url":"https://api.github.com/repos/chivateneha/CucumberPom/git/trees{/sha}","statuses_url":"https://api.github.com/repos/chivateneha/CucumberPom/statuses/{sha}","languages_url":"https://api.github.com/repos/chivateneha/CucumberPom/languages","stargazers_url":"https://api.github.com/repos/chivateneha/CucumberPom/stargazers","contributors_url":"https://api.github.com/repos/chivateneha/CucumberPom/contributors","subscribers_url":"https://api.github.com/repos/chivateneha/CucumberPom/subscribers","subscription_url":"https://api.github.com/repos/chivateneha/CucumberPom/subscription","commits_url":"https://api.github.com/repos/chivateneha/CucumberPom/commits{/sha}","git_commits_url":"https://api.github.com/repos/chivateneha/CucumberPom/git/commits{/sha}","comments_url":"https://api.github.com/repos/chivateneha/CucumberPom/comments{/number}","issue_comment_url":"https://api.github.com/repos/chivateneha/CucumberPom/issues/comments{/number}","contents_url":"https://api.github.com/repos/chivateneha/CucumberPom/contents/{+path}","compare_url":"https://api.github.com/repos/chivateneha/CucumberPom/compare/{base}...{head}","merges_url":"https://api.github.com/repos/chivateneha/CucumberPom/merges","archive_url":"https://api.github.com/repos/chivateneha/CucumberPom/{archive_format}{/ref}","downloads_url":"https://api.github.com/repos/chivateneha/CucumberPom/downloads","issues_url":"https://api.github.com/repos/chivateneha/CucumberPom/issues{/number}","pulls_url":"https://api.github.com/repos/chivateneha/CucumberPom/pulls{/number}","milestones_url":"https://api.github.com/repos/chivateneha/CucumberPom/milestones{/number}","notifications_url":"https://api.github.com/repos/chivateneha/CucumberPom/notifications{?since,all,participating}","labels_url":"https://api.github.com/repos/chivateneha/CucumberPom/labels{/name}","releases_url":"https://api.github.com/repos/chivateneha/CucumberPom/releases{/id}","deployments_url":"https://api.github.com/repos/chivateneha/CucumberPom/deployments","created_at":"2023-11-30T01:21:13Z","updated_at":"2023-11-30T01:30:30Z","pushed_at":"2023-11-30T01:36:04Z","git_url":"git://github.com/chivateneha/CucumberPom.git","ssh_url":"git@github.com:chivateneha/CucumberPom.git","clone_url":"https://github.com/chivateneha/CucumberPom.git","svn_url":"https://github.com/chivateneha/CucumberPom","homepage":null,"size":62,"stargazers_count":0,"watchers_count":0,"language":"Java","has_issues":true,"has_projects":true,"has_downloads":true,"has_wiki":true,"has_pages":false,"has_discussions":false,"forks_count":0,"mirror_url":null,"archived":false,"disabled":false,"open_issues_count":0,"license":null,"allow_forking":true,"is_template":false,"web_commit_signoff_required":false,"topics":[],"visibility":"public","forks":0,"open_issues":0,"watchers":0,"default_branch":"main","permissions":{"admin":true,"maintain":true,"push":true,"triage":true,"pull":true}},{"id":725883311,"node_id":"R_kgDOK0QZrw","name":"Hello-World2","full_name":"chivateneha/Hello-World2","private":true,"owner":{"login":"chivateneha","id":149008324,"node_id":"U_kgDOCOGvxA","avatar_url":"https://avatars.githubusercontent.com/u/149008324?v=4","gravatar_id":"","url":"https://api.github.com/users/chivateneha","html_url":"https://github.com/chivateneha","followers_url":"https://api.github.com/users/chivateneha/followers","following_url":"https://api.github.com/users/chivateneha/following{/other_user}","gists_url":"https://api.github.com/users/chivateneha/gists{/gist_id}","starred_url":"https://api.github.com/users/chivateneha/starred{/owner}{/repo}","subscriptions_url":"https://api.github.com/users/chivateneha/subscriptions","organizations_url":"https://api.github.com/users/chivateneha/orgs","repos_url":"https://api.github.com/users/chivateneha/repos","events_url":"https://api.github.com/users/chivateneha/events{/privacy}","received_events_url":"https://api.github.com/users/chivateneha/received_events","type":"User","site_admin":false},"html_url":"https://github.com/chivateneha/Hello-World2","description":"This is your first repo!","fork":false,"url":"https://api.github.com/repos/chivateneha/Hello-World2","forks_url":"https://api.github.com/repos/chivateneha/Hello-World2/forks","keys_url":"https://api.github.com/repos/chivateneha/Hello-World2/keys{/key_id}","collaborators_url":"https://api.github.com/repos/chivateneha/Hello-World2/collaborators{/collaborator}","teams_url":"https://api.github.com/repos/chivateneha/Hello-World2/teams","hooks_url":"https://api.github.com/repos/chivateneha/Hello-World2/hooks","issue_events_url":"https://api.github.com/repos/chivateneha/Hello-World2/issues/events{/number}","events_url":"https://api.github.com/repos/chivateneha/Hello-World2/events","assignees_url":"https://api.github.com/repos/chivateneha/Hello-World2/assignees{/user}","branches_url":"https://api.github.com/repos/chivateneha/Hello-World2/branches{/branch}","tags_url":"https://api.github.com/repos/chivateneha/Hello-World2/tags","blobs_url":"https://api.github.com/repos/chivateneha/Hello-World2/git/blobs{/sha}","git_tags_url":"https://api.github.com/repos/chivateneha/Hello-World2/git/tags{/sha}","git_refs_url":"https://api.github.com/repos/chivateneha/Hello-World2/git/refs{/sha}","trees_url":"https://api.github.com/repos/chivateneha/Hello-World2/git/trees{/sha}","statuses_url":"https://api.github.com/repos/chivateneha/Hello-World2/statuses/{sha}","languages_url":"https://api.github.com/repos/chivateneha/Hello-World2/languages","stargazers_url":"https://api.github.com/repos/chivateneha/Hello-World2/stargazers","contributors_url":"https://api.github.com/repos/chivateneha/Hello-World2/contributors","subscribers_url":"https://api.github.com/repos/chivateneha/Hello-World2/subscribers","subscription_url":"https://api.github.com/repos/chivateneha/Hello-World2/subscription","commits_url":"https://api.github.com/repos/chivateneha/Hello-World2/commits{/sha}","git_commits_url":"https://api.github.com/repos/chivateneha/Hello-World2/git/commits{/sha}","comments_url":"https://api.github.com/repos/chivateneha/Hello-World2/comments{/number}","issue_comment_url":"https://api.github.com/repos/chivateneha/Hello-World2/issues/comments{/number}","contents_url":"https://api.github.com/repos/chivateneha/Hello-World2/contents/{+path}","compare_url":"https://api.github.com/repos/chivateneha/Hello-World2/compare/{base}...{head}","merges_url":"https://api.github.com/repos/chivateneha/Hello-World2/merges","archive_url":"https://api.github.com/repos/chivateneha/Hello-World2/{archive_format}{/ref}","downloads_url":"https://api.github.com/repos/chivateneha/Hello-World2/downloads","issues_url":"https://api.github.com/repos/chivateneha/Hello-World2/issues{/number}","pulls_url":"https://api.github.com/repos/chivateneha/Hello-World2/pulls{/number}","milestones_url":"https://api.github.com/repos/chivateneha/Hello-World2/milestones{/number}","notifications_url":"https://api.github.com/repos/chivateneha/Hello-World2/notifications{?since,all,participating}","labels_url":"https://api.github.com/repos/chivateneha/Hello-World2/labels{/name}","releases_url":"https://api.github.com/repos/chivateneha/Hello-World2/releases{/id}","deployments_url":"https://api.github.com/repos/chivateneha/Hello-World2/deployments","created_at":"2023-12-01T04:15:48Z","updated_at":"2023-12-01T04:15:48Z","pushed_at":"2023-12-01T04:15:48Z","git_url":"git://github.com/chivateneha/Hello-World2.git","ssh_url":"git@github.com:chivateneha/Hello-World2.git","clone_url":"https://github.com/chivateneha/Hello-World2.git","svn_url":"https://github.com/chivateneha/Hello-World2","homepage":"https: //github.com","size":0,"stargazers_count":0,"watchers_count":0,"language":null,"has_issues":true,"has_projects":true,"has_downloads":true,"has_wiki":false,"has_pages":false,"has_discussions":false,"forks_count":0,"mirror_url":null,"archived":false,"disabled":false,"open_issues_count":0,"license":null,"allow_forking":true,"is_template":false,"web_commit_signoff_required":false,"topics":[],"visibility":"private","forks":0,"open_issues":0,"watchers":0,"default_branch":"main","permissions":{"admin":true,"maintain":true,"push":true,"triage":true,"pull":true}},{"id":725364889,"node_id":"R_kgDOKzwwmQ","name":"SeleniumPom","full_name":"chivateneha/SeleniumPom","private":false,"owner":{"login":"chivateneha","id":149008324,"node_id":"U_kgDOCOGvxA","avatar_url":"https://avatars.githubusercontent.com/u/149008324?v=4","gravatar_id":"","url":"https://api.github.com/users/chivateneha","html_url":"https://github.com/chivateneha","followers_url":"https://api.github.com/users/chivateneha/followers","following_url":"https://api.github.com/users/chivateneha/following{/other_user}","gists_url":"https://api.github.com/users/chivateneha/gists{/gist_id}","starred_url":"https://api.github.com/users/chivateneha/starred{/owner}{/repo}","subscriptions_url":"https://api.github.com/users/chivateneha/subscriptions","organizations_url":"https://api.github.com/users/chivateneha/orgs","repos_url":"https://api.github.com/users/chivateneha/repos","events_url":"https://api.github.com/users/chivateneha/events{/privacy}","received_events_url":"https://api.github.com/users/chivateneha/received_events","type":"User","site_admin":false},"html_url":"https://github.com/chivateneha/SeleniumPom","description":null,"fork":false,"url":"https://api.github.com/repos/chivateneha/SeleniumPom","forks_url":"https://api.github.com/repos/chivateneha/SeleniumPom/forks","keys_url":"https://api.github.com/repos/chivateneha/SeleniumPom/keys{/key_id}","collaborators_url":"https://api.github.com/repos/chivateneha/SeleniumPom/collaborators{/collaborator}","teams_url":"https://api.github.com/repos/chivateneha/SeleniumPom/teams","hooks_url":"https://api.github.com/repos/chivateneha/SeleniumPom/hooks","issue_events_url":"https://api.github.com/repos/chivateneha/SeleniumPom/issues/events{/number}","events_url":"https://api.github.com/repos/chivateneha/SeleniumPom/events","assignees_url":"https://api.github.com/repos/chivateneha/SeleniumPom/assignees{/user}","branches_url":"https://api.github.com/repos/chivateneha/SeleniumPom/branches{/branch}","tags_url":"https://api.github.com/repos/chivateneha/SeleniumPom/tags","blobs_url":"https://api.github.com/repos/chivateneha/SeleniumPom/git/blobs{/sha}","git_tags_url":"https://api.github.com/repos/chivateneha/SeleniumPom/git/tags{/sha}","git_refs_url":"https://api.github.com/repos/chivateneha/SeleniumPom/git/refs{/sha}","trees_url":"https://api.github.com/repos/chivateneha/SeleniumPom/git/trees{/sha}","statuses_url":"https://api.github.com/repos/chivateneha/SeleniumPom/statuses/{sha}","languages_url":"https://api.github.com/repos/chivateneha/SeleniumPom/languages","stargazers_url":"https://api.github.com/repos/chivateneha/SeleniumPom/stargazers","contributors_url":"https://api.github.com/repos/chivateneha/SeleniumPom/contributors","subscribers_url":"https://api.github.com/repos/chivateneha/SeleniumPom/subscribers","subscription_url":"https://api.github.com/repos/chivateneha/SeleniumPom/subscription","commits_url":"https://api.github.com/repos/chivateneha/SeleniumPom/commits{/sha}","git_commits_url":"https://api.github.com/repos/chivateneha/SeleniumPom/git/commits{/sha}","comments_url":"https://api.github.com/repos/chivateneha/SeleniumPom/comments{/number}","issue_comment_url":"https://api.github.com/repos/chivateneha/SeleniumPom/issues/comments{/number}","contents_url":"https://api.github.com/repos/chivateneha/SeleniumPom/contents/{+path}","compare_url":"https://api.github.com/repos/chivateneha/SeleniumPom/compare/{base}...{head}","merges_url":"https://api.github.com/repos/chivateneha/SeleniumPom/merges","archive_url":"https://api.github.com/repos/chivateneha/SeleniumPom/{archive_format}{/ref}","downloads_url":"https://api.github.com/repos/chivateneha/SeleniumPom/downloads","issues_url":"https://api.github.com/repos/chivateneha/SeleniumPom/issues{/number}","pulls_url":"https://api.github.com/repos/chivateneha/SeleniumPom/pulls{/number}","milestones_url":"https://api.github.com/repos/chivateneha/SeleniumPom/milestones{/number}","notifications_url":"https://api.github.com/repos/chivateneha/SeleniumPom/notifications{?since,all,participating}","labels_url":"https://api.github.com/repos/chivateneha/SeleniumPom/labels{/name}","releases_url":"https://api.github.com/repos/chivateneha/SeleniumPom/releases{/id}","deployments_url":"https://api.github.com/repos/chivateneha/SeleniumPom/deployments","created_at":"2023-11-30T01:38:55Z","updated_at":"2023-11-30T01:49:57Z","pushed_at":"2023-11-30T01:49:54Z","git_url":"git://github.com/chivateneha/SeleniumPom.git","ssh_url":"git@github.com:chivateneha/SeleniumPom.git","clone_url":"https://github.com/chivateneha/SeleniumPom.git","svn_url":"https://github.com/chivateneha/SeleniumPom","homepage":null,"size":75,"stargazers_count":0,"watchers_count":0,"language":"HTML","has_issues":true,"has_projects":true,"has_downloads":true,"has_wiki":true,"has_pages":false,"has_discussions":false,"forks_count":0,"mirror_url":null,"archived":false,"disabled":false,"open_issues_count":0,"license":null,"allow_forking":true,"is_template":false,"web_commit_signoff_required":false,"topics":[],"visibility":"public","forks":0,"open_issues":0,"watchers":0,"default_branch":"main","permissions":{"admin":true,"maintain":true,"push":true,"triage":true,"pull":true}},{"id":725369920,"node_id":"R_kgDOKzxEQA","name":"SeleniuTestNG","full_name":"chivateneha/SeleniuTestNG","private":false,"owner":{"login":"chivateneha","id":149008324,"node_id":"U_kgDOCOGvxA","avatar_url":"https://avatars.githubusercontent.com/u/149008324?v=4","gravatar_id":"","url":"https://api.github.com/users/chivateneha","html_url":"https://github.com/chivateneha","followers_url":"https://api.github.com/users/chivateneha/followers","following_url":"https://api.github.com/users/chivateneha/following{/other_user}","gists_url":"https://api.github.com/users/chivateneha/gists{/gist_id}","starred_url":"https://api.github.com/users/chivateneha/starred{/owner}{/repo}","subscriptions_url":"https://api.github.com/users/chivateneha/subscriptions","organizations_url":"https://api.github.com/users/chivateneha/orgs","repos_url":"https://api.github.com/users/chivateneha/repos","events_url":"https://api.github.com/users/chivateneha/events{/privacy}","received_events_url":"https://api.github.com/users/chivateneha/received_events","type":"User","site_admin":false},"html_url":"https://github.com/chivateneha/SeleniuTestNG","description":null,"fork":false,"url":"https://api.github.com/repos/chivateneha/SeleniuTestNG","forks_url":"https://api.github.com/repos/chivateneha/SeleniuTestNG/forks","keys_url":"https://api.github.com/repos/chivateneha/SeleniuTestNG/keys{/key_id}","collaborators_url":"https://api.github.com/repos/chivateneha/SeleniuTestNG/collaborators{/collaborator}","teams_url":"https://api.github.com/repos/chivateneha/SeleniuTestNG/teams","hooks_url":"https://api.github.com/repos/chivateneha/SeleniuTestNG/hooks","issue_events_url":"https://api.github.com/repos/chivateneha/SeleniuTestNG/issues/events{/number}","events_url":"https://api.github.com/repos/chivateneha/SeleniuTestNG/events","assignees_url":"https://api.github.com/repos/chivateneha/SeleniuTestNG/assignees{/user}","branches_url":"https://api.github.com/repos/chivateneha/SeleniuTestNG/branches{/branch}","tags_url":"https://api.github.com/repos/chivateneha/SeleniuTestNG/tags","blobs_url":"https://api.github.com/repos/chivateneha/SeleniuTestNG/git/blobs{/sha}","git_tags_url":"https://api.github.com/repos/chivateneha/SeleniuTestNG/git/tags{/sha}","git_refs_url":"https://api.github.com/repos/chivateneha/SeleniuTestNG/git/refs{/sha}","trees_url":"https://api.github.com/repos/chivateneha/SeleniuTestNG/git/trees{/sha}","statuses_url":"https://api.github.com/repos/chivateneha/SeleniuTestNG/statuses/{sha}","languages_url":"https://api.github.com/repos/chivateneha/SeleniuTestNG/languages","stargazers_url":"https://api.github.com/repos/chivateneha/SeleniuTestNG/stargazers","contributors_url":"https://api.github.com/repos/chivateneha/SeleniuTestNG/contributors","subscribers_url":"https://api.github.com/repos/chivateneha/SeleniuTestNG/subscribers","subscription_url":"https://api.github.com/repos/chivateneha/SeleniuTestNG/subscription","commits_url":"https://api.github.com/repos/chivateneha/SeleniuTestNG/commits{/sha}","git_commits_url":"https://api.github.com/repos/chivateneha/SeleniuTestNG/git/commits{/sha}","comments_url":"https://api.github.com/repos/chivateneha/SeleniuTestNG/comments{/number}","issue_comment_url":"https://api.github.com/repos/chivateneha/SeleniuTestNG/issues/comments{/number}","contents_url":"https://api.github.com/repos/chivateneha/SeleniuTestNG/contents/{+path}","compare_url":"https://api.github.com/repos/chivateneha/SeleniuTestNG/compare/{base}...{head}","merges_url":"https://api.github.com/repos/chivateneha/SeleniuTestNG/merges","archive_url":"https://api.github.com/repos/chivateneha/SeleniuTestNG/{archive_format}{/ref}","downloads_url":"https://api.github.com/repos/chivateneha/SeleniuTestNG/downloads","issues_url":"https://api.github.com/repos/chivateneha/SeleniuTestNG/issues{/number}","pulls_url":"https://api.github.com/repos/chivateneha/SeleniuTestNG/pulls{/number}","milestones_url":"https://api.github.com/repos/chivateneha/SeleniuTestNG/milestones{/number}","notifications_url":"https://api.github.com/repos/chivateneha/SeleniuTestNG/notifications{?since,all,participating}","labels_url":"https://api.github.com/repos/chivateneha/SeleniuTestNG/labels{/name}","releases_url":"https://api.github.com/repos/chivateneha/SeleniuTestNG/releases{/id}","deployments_url":"https://api.github.com/repos/chivateneha/SeleniuTestNG/deployments","created_at":"2023-11-30T01:59:35Z","updated_at":"2023-11-30T03:19:49Z","pushed_at":"2023-11-30T03:19:46Z","git_url":"git://github.com/chivateneha/SeleniuTestNG.git","ssh_url":"git@github.com:chivateneha/SeleniuTestNG.git","clone_url":"https://github.com/chivateneha/SeleniuTestNG.git","svn_url":"https://github.com/chivateneha/SeleniuTestNG","homepage":null,"size":71,"stargazers_count":0,"watchers_count":0,"language":"Java","has_issues":true,"has_projects":true,"has_downloads":true,"has_wiki":true,"has_pages":false,"has_discussions":false,"forks_count":0,"mirror_url":null,"archived":false,"disabled":false,"open_issues_count":0,"license":null,"allow_forking":true,"is_template":false,"web_commit_signoff_required":false,"topics":[],"visibility":"public","forks":0,"open_issues":0,"watchers":0,"default_branch":"main","permissions":{"admin":true,"maintain":true,"push":true,"triage":true,"pull":true}}]
]]>
            </message>
            <full-stacktrace>
              <![CDATA[java.lang.AssertionError: 1 expectation failed.
Response body doesn't match expectation.
Expected: The content to match the given JSON schema.
error: instance type (null) does not match any allowed primitive type (allowed: ["string"])
    level: "error"
    schema: {"loadingURI":"#","pointer":"/items/properties/description"}
    instance: {"pointer":"/0/description"}
    domain: "validation"
    keyword: "type"
    found: "null"
    expected: ["string"]

  Actual: [{"id":725900425,"node_id":"R_kgDOK0RciQ","name":"APITest","full_name":"chivateneha/APITest","private":false,"owner":{"login":"chivateneha","id":149008324,"node_id":"U_kgDOCOGvxA","avatar_url":"https://avatars.githubusercontent.com/u/149008324?v=4","gravatar_id":"","url":"https://api.github.com/users/chivateneha","html_url":"https://github.com/chivateneha","followers_url":"https://api.github.com/users/chivateneha/followers","following_url":"https://api.github.com/users/chivateneha/following{/other_user}","gists_url":"https://api.github.com/users/chivateneha/gists{/gist_id}","starred_url":"https://api.github.com/users/chivateneha/starred{/owner}{/repo}","subscriptions_url":"https://api.github.com/users/chivateneha/subscriptions","organizations_url":"https://api.github.com/users/chivateneha/orgs","repos_url":"https://api.github.com/users/chivateneha/repos","events_url":"https://api.github.com/users/chivateneha/events{/privacy}","received_events_url":"https://api.github.com/users/chivateneha/received_events","type":"User","site_admin":false},"html_url":"https://github.com/chivateneha/APITest","description":null,"fork":false,"url":"https://api.github.com/repos/chivateneha/APITest","forks_url":"https://api.github.com/repos/chivateneha/APITest/forks","keys_url":"https://api.github.com/repos/chivateneha/APITest/keys{/key_id}","collaborators_url":"https://api.github.com/repos/chivateneha/APITest/collaborators{/collaborator}","teams_url":"https://api.github.com/repos/chivateneha/APITest/teams","hooks_url":"https://api.github.com/repos/chivateneha/APITest/hooks","issue_events_url":"https://api.github.com/repos/chivateneha/APITest/issues/events{/number}","events_url":"https://api.github.com/repos/chivateneha/APITest/events","assignees_url":"https://api.github.com/repos/chivateneha/APITest/assignees{/user}","branches_url":"https://api.github.com/repos/chivateneha/APITest/branches{/branch}","tags_url":"https://api.github.com/repos/chivateneha/APITest/tags","blobs_url":"https://api.github.com/repos/chivateneha/APITest/git/blobs{/sha}","git_tags_url":"https://api.github.com/repos/chivateneha/APITest/git/tags{/sha}","git_refs_url":"https://api.github.com/repos/chivateneha/APITest/git/refs{/sha}","trees_url":"https://api.github.com/repos/chivateneha/APITest/git/trees{/sha}","statuses_url":"https://api.github.com/repos/chivateneha/APITest/statuses/{sha}","languages_url":"https://api.github.com/repos/chivateneha/APITest/languages","stargazers_url":"https://api.github.com/repos/chivateneha/APITest/stargazers","contributors_url":"https://api.github.com/repos/chivateneha/APITest/contributors","subscribers_url":"https://api.github.com/repos/chivateneha/APITest/subscribers","subscription_url":"https://api.github.com/repos/chivateneha/APITest/subscription","commits_url":"https://api.github.com/repos/chivateneha/APITest/commits{/sha}","git_commits_url":"https://api.github.com/repos/chivateneha/APITest/git/commits{/sha}","comments_url":"https://api.github.com/repos/chivateneha/APITest/comments{/number}","issue_comment_url":"https://api.github.com/repos/chivateneha/APITest/issues/comments{/number}","contents_url":"https://api.github.com/repos/chivateneha/APITest/contents/{+path}","compare_url":"https://api.github.com/repos/chivateneha/APITest/compare/{base}...{head}","merges_url":"https://api.github.com/repos/chivateneha/APITest/merges","archive_url":"https://api.github.com/repos/chivateneha/APITest/{archive_format}{/ref}","downloads_url":"https://api.github.com/repos/chivateneha/APITest/downloads","issues_url":"https://api.github.com/repos/chivateneha/APITest/issues{/number}","pulls_url":"https://api.github.com/repos/chivateneha/APITest/pulls{/number}","milestones_url":"https://api.github.com/repos/chivateneha/APITest/milestones{/number}","notifications_url":"https://api.github.com/repos/chivateneha/APITest/notifications{?since,all,participating}","labels_url":"https://api.github.com/repos/chivateneha/APITest/labels{/name}","releases_url":"https://api.github.com/repos/chivateneha/APITest/releases{/id}","deployments_url":"https://api.github.com/repos/chivateneha/APITest/deployments","created_at":"2023-12-01T05:23:22Z","updated_at":"2023-12-01T05:35:20Z","pushed_at":"2023-12-01T05:35:16Z","git_url":"git://github.com/chivateneha/APITest.git","ssh_url":"git@github.com:chivateneha/APITest.git","clone_url":"https://github.com/chivateneha/APITest.git","svn_url":"https://github.com/chivateneha/APITest","homepage":null,"size":60,"stargazers_count":0,"watchers_count":0,"language":"HTML","has_issues":true,"has_projects":true,"has_downloads":true,"has_wiki":true,"has_pages":false,"has_discussions":false,"forks_count":0,"mirror_url":null,"archived":false,"disabled":false,"open_issues_count":0,"license":null,"allow_forking":true,"is_template":false,"web_commit_signoff_required":false,"topics":[],"visibility":"public","forks":0,"open_issues":0,"watchers":0,"default_branch":"main","permissions":{"admin":true,"maintain":true,"push":true,"triage":true,"pull":true}},{"id":725879969,"node_id":"R_kgDOK0QMoQ","name":"byebye-World1","full_name":"chivateneha/byebye-World1","private":true,"owner":{"login":"chivateneha","id":149008324,"node_id":"U_kgDOCOGvxA","avatar_url":"https://avatars.githubusercontent.com/u/149008324?v=4","gravatar_id":"","url":"https://api.github.com/users/chivateneha","html_url":"https://github.com/chivateneha","followers_url":"https://api.github.com/users/chivateneha/followers","following_url":"https://api.github.com/users/chivateneha/following{/other_user}","gists_url":"https://api.github.com/users/chivateneha/gists{/gist_id}","starred_url":"https://api.github.com/users/chivateneha/starred{/owner}{/repo}","subscriptions_url":"https://api.github.com/users/chivateneha/subscriptions","organizations_url":"https://api.github.com/users/chivateneha/orgs","repos_url":"https://api.github.com/users/chivateneha/repos","events_url":"https://api.github.com/users/chivateneha/events{/privacy}","received_events_url":"https://api.github.com/users/chivateneha/received_events","type":"User","site_admin":false},"html_url":"https://github.com/chivateneha/byebye-World1","description":"my repository created using apis after update","fork":false,"url":"https://api.github.com/repos/chivateneha/byebye-World1","forks_url":"https://api.github.com/repos/chivateneha/byebye-World1/forks","keys_url":"https://api.github.com/repos/chivateneha/byebye-World1/keys{/key_id}","collaborators_url":"https://api.github.com/repos/chivateneha/byebye-World1/collaborators{/collaborator}","teams_url":"https://api.github.com/repos/chivateneha/byebye-World1/teams","hooks_url":"https://api.github.com/repos/chivateneha/byebye-World1/hooks","issue_events_url":"https://api.github.com/repos/chivateneha/byebye-World1/issues/events{/number}","events_url":"https://api.github.com/repos/chivateneha/byebye-World1/events","assignees_url":"https://api.github.com/repos/chivateneha/byebye-World1/assignees{/user}","branches_url":"https://api.github.com/repos/chivateneha/byebye-World1/branches{/branch}","tags_url":"https://api.github.com/repos/chivateneha/byebye-World1/tags","blobs_url":"https://api.github.com/repos/chivateneha/byebye-World1/git/blobs{/sha}","git_tags_url":"https://api.github.com/repos/chivateneha/byebye-World1/git/tags{/sha}","git_refs_url":"https://api.github.com/repos/chivateneha/byebye-World1/git/refs{/sha}","trees_url":"https://api.github.com/repos/chivateneha/byebye-World1/git/trees{/sha}","statuses_url":"https://api.github.com/repos/chivateneha/byebye-World1/statuses/{sha}","languages_url":"https://api.github.com/repos/chivateneha/byebye-World1/languages","stargazers_url":"https://api.github.com/repos/chivateneha/byebye-World1/stargazers","contributors_url":"https://api.github.com/repos/chivateneha/byebye-World1/contributors","subscribers_url":"https://api.github.com/repos/chivateneha/byebye-World1/subscribers","subscription_url":"https://api.github.com/repos/chivateneha/byebye-World1/subscription","commits_url":"https://api.github.com/repos/chivateneha/byebye-World1/commits{/sha}","git_commits_url":"https://api.github.com/repos/chivateneha/byebye-World1/git/commits{/sha}","comments_url":"https://api.github.com/repos/chivateneha/byebye-World1/comments{/number}","issue_comment_url":"https://api.github.com/repos/chivateneha/byebye-World1/issues/comments{/number}","contents_url":"https://api.github.com/repos/chivateneha/byebye-World1/contents/{+path}","compare_url":"https://api.github.com/repos/chivateneha/byebye-World1/compare/{base}...{head}","merges_url":"https://api.github.com/repos/chivateneha/byebye-World1/merges","archive_url":"https://api.github.com/repos/chivateneha/byebye-World1/{archive_format}{/ref}","downloads_url":"https://api.github.com/repos/chivateneha/byebye-World1/downloads","issues_url":"https://api.github.com/repos/chivateneha/byebye-World1/issues{/number}","pulls_url":"https://api.github.com/repos/chivateneha/byebye-World1/pulls{/number}","milestones_url":"https://api.github.com/repos/chivateneha/byebye-World1/milestones{/number}","notifications_url":"https://api.github.com/repos/chivateneha/byebye-World1/notifications{?since,all,participating}","labels_url":"https://api.github.com/repos/chivateneha/byebye-World1/labels{/name}","releases_url":"https://api.github.com/repos/chivateneha/byebye-World1/releases{/id}","deployments_url":"https://api.github.com/repos/chivateneha/byebye-World1/deployments","created_at":"2023-12-01T04:02:53Z","updated_at":"2023-12-01T04:18:19Z","pushed_at":"2023-12-01T04:02:53Z","git_url":"git://github.com/chivateneha/byebye-World1.git","ssh_url":"git@github.com:chivateneha/byebye-World1.git","clone_url":"https://github.com/chivateneha/byebye-World1.git","svn_url":"https://github.com/chivateneha/byebye-World1","homepage":"https: //github.com","size":0,"stargazers_count":0,"watchers_count":0,"language":null,"has_issues":true,"has_projects":true,"has_downloads":true,"has_wiki":false,"has_pages":false,"has_discussions":false,"forks_count":0,"mirror_url":null,"archived":false,"disabled":false,"open_issues_count":0,"license":null,"allow_forking":true,"is_template":false,"web_commit_signoff_required":false,"topics":[],"visibility":"private","forks":0,"open_issues":0,"watchers":0,"default_branch":"main","permissions":{"admin":true,"maintain":true,"push":true,"triage":true,"pull":true}},{"id":725360504,"node_id":"R_kgDOKzwfeA","name":"CucumberPom","full_name":"chivateneha/CucumberPom","private":false,"owner":{"login":"chivateneha","id":149008324,"node_id":"U_kgDOCOGvxA","avatar_url":"https://avatars.githubusercontent.com/u/149008324?v=4","gravatar_id":"","url":"https://api.github.com/users/chivateneha","html_url":"https://github.com/chivateneha","followers_url":"https://api.github.com/users/chivateneha/followers","following_url":"https://api.github.com/users/chivateneha/following{/other_user}","gists_url":"https://api.github.com/users/chivateneha/gists{/gist_id}","starred_url":"https://api.github.com/users/chivateneha/starred{/owner}{/repo}","subscriptions_url":"https://api.github.com/users/chivateneha/subscriptions","organizations_url":"https://api.github.com/users/chivateneha/orgs","repos_url":"https://api.github.com/users/chivateneha/repos","events_url":"https://api.github.com/users/chivateneha/events{/privacy}","received_events_url":"https://api.github.com/users/chivateneha/received_events","type":"User","site_admin":false},"html_url":"https://github.com/chivateneha/CucumberPom","description":null,"fork":false,"url":"https://api.github.com/repos/chivateneha/CucumberPom","forks_url":"https://api.github.com/repos/chivateneha/CucumberPom/forks","keys_url":"https://api.github.com/repos/chivateneha/CucumberPom/keys{/key_id}","collaborators_url":"https://api.github.com/repos/chivateneha/CucumberPom/collaborators{/collaborator}","teams_url":"https://api.github.com/repos/chivateneha/CucumberPom/teams","hooks_url":"https://api.github.com/repos/chivateneha/CucumberPom/hooks","issue_events_url":"https://api.github.com/repos/chivateneha/CucumberPom/issues/events{/number}","events_url":"https://api.github.com/repos/chivateneha/CucumberPom/events","assignees_url":"https://api.github.com/repos/chivateneha/CucumberPom/assignees{/user}","branches_url":"https://api.github.com/repos/chivateneha/CucumberPom/branches{/branch}","tags_url":"https://api.github.com/repos/chivateneha/CucumberPom/tags","blobs_url":"https://api.github.com/repos/chivateneha/CucumberPom/git/blobs{/sha}","git_tags_url":"https://api.github.com/repos/chivateneha/CucumberPom/git/tags{/sha}","git_refs_url":"https://api.github.com/repos/chivateneha/CucumberPom/git/refs{/sha}","trees_url":"https://api.github.com/repos/chivateneha/CucumberPom/git/trees{/sha}","statuses_url":"https://api.github.com/repos/chivateneha/CucumberPom/statuses/{sha}","languages_url":"https://api.github.com/repos/chivateneha/CucumberPom/languages","stargazers_url":"https://api.github.com/repos/chivateneha/CucumberPom/stargazers","contributors_url":"https://api.github.com/repos/chivateneha/CucumberPom/contributors","subscribers_url":"https://api.github.com/repos/chivateneha/CucumberPom/subscribers","subscription_url":"https://api.github.com/repos/chivateneha/CucumberPom/subscription","commits_url":"https://api.github.com/repos/chivateneha/CucumberPom/commits{/sha}","git_commits_url":"https://api.github.com/repos/chivateneha/CucumberPom/git/commits{/sha}","comments_url":"https://api.github.com/repos/chivateneha/CucumberPom/comments{/number}","issue_comment_url":"https://api.github.com/repos/chivateneha/CucumberPom/issues/comments{/number}","contents_url":"https://api.github.com/repos/chivateneha/CucumberPom/contents/{+path}","compare_url":"https://api.github.com/repos/chivateneha/CucumberPom/compare/{base}...{head}","merges_url":"https://api.github.com/repos/chivateneha/CucumberPom/merges","archive_url":"https://api.github.com/repos/chivateneha/CucumberPom/{archive_format}{/ref}","downloads_url":"https://api.github.com/repos/chivateneha/CucumberPom/downloads","issues_url":"https://api.github.com/repos/chivateneha/CucumberPom/issues{/number}","pulls_url":"https://api.github.com/repos/chivateneha/CucumberPom/pulls{/number}","milestones_url":"https://api.github.com/repos/chivateneha/CucumberPom/milestones{/number}","notifications_url":"https://api.github.com/repos/chivateneha/CucumberPom/notifications{?since,all,participating}","labels_url":"https://api.github.com/repos/chivateneha/CucumberPom/labels{/name}","releases_url":"https://api.github.com/repos/chivateneha/CucumberPom/releases{/id}","deployments_url":"https://api.github.com/repos/chivateneha/CucumberPom/deployments","created_at":"2023-11-30T01:21:13Z","updated_at":"2023-11-30T01:30:30Z","pushed_at":"2023-11-30T01:36:04Z","git_url":"git://github.com/chivateneha/CucumberPom.git","ssh_url":"git@github.com:chivateneha/CucumberPom.git","clone_url":"https://github.com/chivateneha/CucumberPom.git","svn_url":"https://github.com/chivateneha/CucumberPom","homepage":null,"size":62,"stargazers_count":0,"watchers_count":0,"language":"Java","has_issues":true,"has_projects":true,"has_downloads":true,"has_wiki":true,"has_pages":false,"has_discussions":false,"forks_count":0,"mirror_url":null,"archived":false,"disabled":false,"open_issues_count":0,"license":null,"allow_forking":true,"is_template":false,"web_commit_signoff_required":false,"topics":[],"visibility":"public","forks":0,"open_issues":0,"watchers":0,"default_branch":"main","permissions":{"admin":true,"maintain":true,"push":true,"triage":true,"pull":true}},{"id":725883311,"node_id":"R_kgDOK0QZrw","name":"Hello-World2","full_name":"chivateneha/Hello-World2","private":true,"owner":{"login":"chivateneha","id":149008324,"node_id":"U_kgDOCOGvxA","avatar_url":"https://avatars.githubusercontent.com/u/149008324?v=4","gravatar_id":"","url":"https://api.github.com/users/chivateneha","html_url":"https://github.com/chivateneha","followers_url":"https://api.github.com/users/chivateneha/followers","following_url":"https://api.github.com/users/chivateneha/following{/other_user}","gists_url":"https://api.github.com/users/chivateneha/gists{/gist_id}","starred_url":"https://api.github.com/users/chivateneha/starred{/owner}{/repo}","subscriptions_url":"https://api.github.com/users/chivateneha/subscriptions","organizations_url":"https://api.github.com/users/chivateneha/orgs","repos_url":"https://api.github.com/users/chivateneha/repos","events_url":"https://api.github.com/users/chivateneha/events{/privacy}","received_events_url":"https://api.github.com/users/chivateneha/received_events","type":"User","site_admin":false},"html_url":"https://github.com/chivateneha/Hello-World2","description":"This is your first repo!","fork":false,"url":"https://api.github.com/repos/chivateneha/Hello-World2","forks_url":"https://api.github.com/repos/chivateneha/Hello-World2/forks","keys_url":"https://api.github.com/repos/chivateneha/Hello-World2/keys{/key_id}","collaborators_url":"https://api.github.com/repos/chivateneha/Hello-World2/collaborators{/collaborator}","teams_url":"https://api.github.com/repos/chivateneha/Hello-World2/teams","hooks_url":"https://api.github.com/repos/chivateneha/Hello-World2/hooks","issue_events_url":"https://api.github.com/repos/chivateneha/Hello-World2/issues/events{/number}","events_url":"https://api.github.com/repos/chivateneha/Hello-World2/events","assignees_url":"https://api.github.com/repos/chivateneha/Hello-World2/assignees{/user}","branches_url":"https://api.github.com/repos/chivateneha/Hello-World2/branches{/branch}","tags_url":"https://api.github.com/repos/chivateneha/Hello-World2/tags","blobs_url":"https://api.github.com/repos/chivateneha/Hello-World2/git/blobs{/sha}","git_tags_url":"https://api.github.com/repos/chivateneha/Hello-World2/git/tags{/sha}","git_refs_url":"https://api.github.com/repos/chivateneha/Hello-World2/git/refs{/sha}","trees_url":"https://api.github.com/repos/chivateneha/Hello-World2/git/trees{/sha}","statuses_url":"https://api.github.com/repos/chivateneha/Hello-World2/statuses/{sha}","languages_url":"https://api.github.com/repos/chivateneha/Hello-World2/languages","stargazers_url":"https://api.github.com/repos/chivateneha/Hello-World2/stargazers","contributors_url":"https://api.github.com/repos/chivateneha/Hello-World2/contributors","subscribers_url":"https://api.github.com/repos/chivateneha/Hello-World2/subscribers","subscription_url":"https://api.github.com/repos/chivateneha/Hello-World2/subscription","commits_url":"https://api.github.com/repos/chivateneha/Hello-World2/commits{/sha}","git_commits_url":"https://api.github.com/repos/chivateneha/Hello-World2/git/commits{/sha}","comments_url":"https://api.github.com/repos/chivateneha/Hello-World2/comments{/number}","issue_comment_url":"https://api.github.com/repos/chivateneha/Hello-World2/issues/comments{/number}","contents_url":"https://api.github.com/repos/chivateneha/Hello-World2/contents/{+path}","compare_url":"https://api.github.com/repos/chivateneha/Hello-World2/compare/{base}...{head}","merges_url":"https://api.github.com/repos/chivateneha/Hello-World2/merges","archive_url":"https://api.github.com/repos/chivateneha/Hello-World2/{archive_format}{/ref}","downloads_url":"https://api.github.com/repos/chivateneha/Hello-World2/downloads","issues_url":"https://api.github.com/repos/chivateneha/Hello-World2/issues{/number}","pulls_url":"https://api.github.com/repos/chivateneha/Hello-World2/pulls{/number}","milestones_url":"https://api.github.com/repos/chivateneha/Hello-World2/milestones{/number}","notifications_url":"https://api.github.com/repos/chivateneha/Hello-World2/notifications{?since,all,participating}","labels_url":"https://api.github.com/repos/chivateneha/Hello-World2/labels{/name}","releases_url":"https://api.github.com/repos/chivateneha/Hello-World2/releases{/id}","deployments_url":"https://api.github.com/repos/chivateneha/Hello-World2/deployments","created_at":"2023-12-01T04:15:48Z","updated_at":"2023-12-01T04:15:48Z","pushed_at":"2023-12-01T04:15:48Z","git_url":"git://github.com/chivateneha/Hello-World2.git","ssh_url":"git@github.com:chivateneha/Hello-World2.git","clone_url":"https://github.com/chivateneha/Hello-World2.git","svn_url":"https://github.com/chivateneha/Hello-World2","homepage":"https: //github.com","size":0,"stargazers_count":0,"watchers_count":0,"language":null,"has_issues":true,"has_projects":true,"has_downloads":true,"has_wiki":false,"has_pages":false,"has_discussions":false,"forks_count":0,"mirror_url":null,"archived":false,"disabled":false,"open_issues_count":0,"license":null,"allow_forking":true,"is_template":false,"web_commit_signoff_required":false,"topics":[],"visibility":"private","forks":0,"open_issues":0,"watchers":0,"default_branch":"main","permissions":{"admin":true,"maintain":true,"push":true,"triage":true,"pull":true}},{"id":725364889,"node_id":"R_kgDOKzwwmQ","name":"SeleniumPom","full_name":"chivateneha/SeleniumPom","private":false,"owner":{"login":"chivateneha","id":149008324,"node_id":"U_kgDOCOGvxA","avatar_url":"https://avatars.githubusercontent.com/u/149008324?v=4","gravatar_id":"","url":"https://api.github.com/users/chivateneha","html_url":"https://github.com/chivateneha","followers_url":"https://api.github.com/users/chivateneha/followers","following_url":"https://api.github.com/users/chivateneha/following{/other_user}","gists_url":"https://api.github.com/users/chivateneha/gists{/gist_id}","starred_url":"https://api.github.com/users/chivateneha/starred{/owner}{/repo}","subscriptions_url":"https://api.github.com/users/chivateneha/subscriptions","organizations_url":"https://api.github.com/users/chivateneha/orgs","repos_url":"https://api.github.com/users/chivateneha/repos","events_url":"https://api.github.com/users/chivateneha/events{/privacy}","received_events_url":"https://api.github.com/users/chivateneha/received_events","type":"User","site_admin":false},"html_url":"https://github.com/chivateneha/SeleniumPom","description":null,"fork":false,"url":"https://api.github.com/repos/chivateneha/SeleniumPom","forks_url":"https://api.github.com/repos/chivateneha/SeleniumPom/forks","keys_url":"https://api.github.com/repos/chivateneha/SeleniumPom/keys{/key_id}","collaborators_url":"https://api.github.com/repos/chivateneha/SeleniumPom/collaborators{/collaborator}","teams_url":"https://api.github.com/repos/chivateneha/SeleniumPom/teams","hooks_url":"https://api.github.com/repos/chivateneha/SeleniumPom/hooks","issue_events_url":"https://api.github.com/repos/chivateneha/SeleniumPom/issues/events{/number}","events_url":"https://api.github.com/repos/chivateneha/SeleniumPom/events","assignees_url":"https://api.github.com/repos/chivateneha/SeleniumPom/assignees{/user}","branches_url":"https://api.github.com/repos/chivateneha/SeleniumPom/branches{/branch}","tags_url":"https://api.github.com/repos/chivateneha/SeleniumPom/tags","blobs_url":"https://api.github.com/repos/chivateneha/SeleniumPom/git/blobs{/sha}","git_tags_url":"https://api.github.com/repos/chivateneha/SeleniumPom/git/tags{/sha}","git_refs_url":"https://api.github.com/repos/chivateneha/SeleniumPom/git/refs{/sha}","trees_url":"https://api.github.com/repos/chivateneha/SeleniumPom/git/trees{/sha}","statuses_url":"https://api.github.com/repos/chivateneha/SeleniumPom/statuses/{sha}","languages_url":"https://api.github.com/repos/chivateneha/SeleniumPom/languages","stargazers_url":"https://api.github.com/repos/chivateneha/SeleniumPom/stargazers","contributors_url":"https://api.github.com/repos/chivateneha/SeleniumPom/contributors","subscribers_url":"https://api.github.com/repos/chivateneha/SeleniumPom/subscribers","subscription_url":"https://api.github.com/repos/chivateneha/SeleniumPom/subscription","commits_url":"https://api.github.com/repos/chivateneha/SeleniumPom/commits{/sha}","git_commits_url":"https://api.github.com/repos/chivateneha/SeleniumPom/git/commits{/sha}","comments_url":"https://api.github.com/repos/chivateneha/SeleniumPom/comments{/number}","issue_comment_url":"https://api.github.com/repos/chivateneha/SeleniumPom/issues/comments{/number}","contents_url":"https://api.github.com/repos/chivateneha/SeleniumPom/contents/{+path}","compare_url":"https://api.github.com/repos/chivateneha/SeleniumPom/compare/{base}...{head}","merges_url":"https://api.github.com/repos/chivateneha/SeleniumPom/merges","archive_url":"https://api.github.com/repos/chivateneha/SeleniumPom/{archive_format}{/ref}","downloads_url":"https://api.github.com/repos/chivateneha/SeleniumPom/downloads","issues_url":"https://api.github.com/repos/chivateneha/SeleniumPom/issues{/number}","pulls_url":"https://api.github.com/repos/chivateneha/SeleniumPom/pulls{/number}","milestones_url":"https://api.github.com/repos/chivateneha/SeleniumPom/milestones{/number}","notifications_url":"https://api.github.com/repos/chivateneha/SeleniumPom/notifications{?since,all,participating}","labels_url":"https://api.github.com/repos/chivateneha/SeleniumPom/labels{/name}","releases_url":"https://api.github.com/repos/chivateneha/SeleniumPom/releases{/id}","deployments_url":"https://api.github.com/repos/chivateneha/SeleniumPom/deployments","created_at":"2023-11-30T01:38:55Z","updated_at":"2023-11-30T01:49:57Z","pushed_at":"2023-11-30T01:49:54Z","git_url":"git://github.com/chivateneha/SeleniumPom.git","ssh_url":"git@github.com:chivateneha/SeleniumPom.git","clone_url":"https://github.com/chivateneha/SeleniumPom.git","svn_url":"https://github.com/chivateneha/SeleniumPom","homepage":null,"size":75,"stargazers_count":0,"watchers_count":0,"language":"HTML","has_issues":true,"has_projects":true,"has_downloads":true,"has_wiki":true,"has_pages":false,"has_discussions":false,"forks_count":0,"mirror_url":null,"archived":false,"disabled":false,"open_issues_count":0,"license":null,"allow_forking":true,"is_template":false,"web_commit_signoff_required":false,"topics":[],"visibility":"public","forks":0,"open_issues":0,"watchers":0,"default_branch":"main","permissions":{"admin":true,"maintain":true,"push":true,"triage":true,"pull":true}},{"id":725369920,"node_id":"R_kgDOKzxEQA","name":"SeleniuTestNG","full_name":"chivateneha/SeleniuTestNG","private":false,"owner":{"login":"chivateneha","id":149008324,"node_id":"U_kgDOCOGvxA","avatar_url":"https://avatars.githubusercontent.com/u/149008324?v=4","gravatar_id":"","url":"https://api.github.com/users/chivateneha","html_url":"https://github.com/chivateneha","followers_url":"https://api.github.com/users/chivateneha/followers","following_url":"https://api.github.com/users/chivateneha/following{/other_user}","gists_url":"https://api.github.com/users/chivateneha/gists{/gist_id}","starred_url":"https://api.github.com/users/chivateneha/starred{/owner}{/repo}","subscriptions_url":"https://api.github.com/users/chivateneha/subscriptions","organizations_url":"https://api.github.com/users/chivateneha/orgs","repos_url":"https://api.github.com/users/chivateneha/repos","events_url":"https://api.github.com/users/chivateneha/events{/privacy}","received_events_url":"https://api.github.com/users/chivateneha/received_events","type":"User","site_admin":false},"html_url":"https://github.com/chivateneha/SeleniuTestNG","description":null,"fork":false,"url":"https://api.github.com/repos/chivateneha/SeleniuTestNG","forks_url":"https://api.github.com/repos/chivateneha/SeleniuTestNG/forks","keys_url":"https://api.github.com/repos/chivateneha/SeleniuTestNG/keys{/key_id}","collaborators_url":"https://api.github.com/repos/chivateneha/SeleniuTestNG/collaborators{/collaborator}","teams_url":"https://api.github.com/repos/chivateneha/SeleniuTestNG/teams","hooks_url":"https://api.github.com/repos/chivateneha/SeleniuTestNG/hooks","issue_events_url":"https://api.github.com/repos/chivateneha/SeleniuTestNG/issues/events{/number}","events_url":"https://api.github.com/repos/chivateneha/SeleniuTestNG/events","assignees_url":"https://api.github.com/repos/chivateneha/SeleniuTestNG/assignees{/user}","branches_url":"https://api.github.com/repos/chivateneha/SeleniuTestNG/branches{/branch}","tags_url":"https://api.github.com/repos/chivateneha/SeleniuTestNG/tags","blobs_url":"https://api.github.com/repos/chivateneha/SeleniuTestNG/git/blobs{/sha}","git_tags_url":"https://api.github.com/repos/chivateneha/SeleniuTestNG/git/tags{/sha}","git_refs_url":"https://api.github.com/repos/chivateneha/SeleniuTestNG/git/refs{/sha}","trees_url":"https://api.github.com/repos/chivateneha/SeleniuTestNG/git/trees{/sha}","statuses_url":"https://api.github.com/repos/chivateneha/SeleniuTestNG/statuses/{sha}","languages_url":"https://api.github.com/repos/chivateneha/SeleniuTestNG/languages","stargazers_url":"https://api.github.com/repos/chivateneha/SeleniuTestNG/stargazers","contributors_url":"https://api.github.com/repos/chivateneha/SeleniuTestNG/contributors","subscribers_url":"https://api.github.com/repos/chivateneha/SeleniuTestNG/subscribers","subscription_url":"https://api.github.com/repos/chivateneha/SeleniuTestNG/subscription","commits_url":"https://api.github.com/repos/chivateneha/SeleniuTestNG/commits{/sha}","git_commits_url":"https://api.github.com/repos/chivateneha/SeleniuTestNG/git/commits{/sha}","comments_url":"https://api.github.com/repos/chivateneha/SeleniuTestNG/comments{/number}","issue_comment_url":"https://api.github.com/repos/chivateneha/SeleniuTestNG/issues/comments{/number}","contents_url":"https://api.github.com/repos/chivateneha/SeleniuTestNG/contents/{+path}","compare_url":"https://api.github.com/repos/chivateneha/SeleniuTestNG/compare/{base}...{head}","merges_url":"https://api.github.com/repos/chivateneha/SeleniuTestNG/merges","archive_url":"https://api.github.com/repos/chivateneha/SeleniuTestNG/{archive_format}{/ref}","downloads_url":"https://api.github.com/repos/chivateneha/SeleniuTestNG/downloads","issues_url":"https://api.github.com/repos/chivateneha/SeleniuTestNG/issues{/number}","pulls_url":"https://api.github.com/repos/chivateneha/SeleniuTestNG/pulls{/number}","milestones_url":"https://api.github.com/repos/chivateneha/SeleniuTestNG/milestones{/number}","notifications_url":"https://api.github.com/repos/chivateneha/SeleniuTestNG/notifications{?since,all,participating}","labels_url":"https://api.github.com/repos/chivateneha/SeleniuTestNG/labels{/name}","releases_url":"https://api.github.com/repos/chivateneha/SeleniuTestNG/releases{/id}","deployments_url":"https://api.github.com/repos/chivateneha/SeleniuTestNG/deployments","created_at":"2023-11-30T01:59:35Z","updated_at":"2023-11-30T03:19:49Z","pushed_at":"2023-11-30T03:19:46Z","git_url":"git://github.com/chivateneha/SeleniuTestNG.git","ssh_url":"git@github.com:chivateneha/SeleniuTestNG.git","clone_url":"https://github.com/chivateneha/SeleniuTestNG.git","svn_url":"https://github.com/chivateneha/SeleniuTestNG","homepage":null,"size":71,"stargazers_count":0,"watchers_count":0,"language":"Java","has_issues":true,"has_projects":true,"has_downloads":true,"has_wiki":true,"has_pages":false,"has_discussions":false,"forks_count":0,"mirror_url":null,"archived":false,"disabled":false,"open_issues_count":0,"license":null,"allow_forking":true,"is_template":false,"web_commit_signoff_required":false,"topics":[],"visibility":"public","forks":0,"open_issues":0,"watchers":0,"default_branch":"main","permissions":{"admin":true,"maintain":true,"push":true,"triage":true,"pull":true}}]

at java.base/jdk.internal.reflect.NativeConstructorAccessorImpl.newInstance0(Native Method)
at java.base/jdk.internal.reflect.NativeConstructorAccessorImpl.newInstance(NativeConstructorAccessorImpl.java:77)
at java.base/jdk.internal.reflect.DelegatingConstructorAccessorImpl.newInstance(DelegatingConstructorAccessorImpl.java:45)
at java.base/java.lang.reflect.Constructor.newInstanceWithCaller(Constructor.java:499)
at java.base/java.lang.reflect.Constructor.newInstance(Constructor.java:480)
at org.codehaus.groovy.reflection.CachedConstructor.invoke(CachedConstructor.java:73)
at org.codehaus.groovy.runtime.callsite.ConstructorSite$ConstructorSiteNoUnwrapNoCoerce.callConstructor(ConstructorSite.java:108)
at org.codehaus.groovy.runtime.callsite.CallSiteArray.defaultCallConstructor(CallSiteArray.java:57)
at org.codehaus.groovy.runtime.callsite.AbstractCallSite.callConstructor(AbstractCallSite.java:263)
at org.codehaus.groovy.runtime.callsite.AbstractCallSite.callConstructor(AbstractCallSite.java:277)
at io.restassured.internal.ResponseSpecificationImpl$HamcrestAssertionClosure.validate(ResponseSpecificationImpl.groovy:512)
at io.restassured.internal.ResponseSpecificationImpl$HamcrestAssertionClosure$validate$1.call(Unknown Source)
at io.restassured.internal.ResponseSpecificationImpl.validateResponseIfRequired(ResponseSpecificationImpl.groovy:696)
at io.restassured.internal.ResponseSpecificationImpl.this$2$validateResponseIfRequired(ResponseSpecificationImpl.groovy)
at java.base/jdk.internal.reflect.NativeMethodAccessorImpl.invoke0(Native Method)
at java.base/jdk.internal.reflect.NativeMethodAccessorImpl.invoke(NativeMethodAccessorImpl.java:77)
at java.base/jdk.internal.reflect.DelegatingMethodAccessorImpl.invoke(DelegatingMethodAccessorImpl.java:43)
at java.base/java.lang.reflect.Method.invoke(Method.java:568)
at org.codehaus.groovy.runtime.callsite.PlainObjectMetaMethodSite.doInvoke(PlainObjectMetaMethodSite.java:43)
at org.codehaus.groovy.runtime.callsite.PogoMetaMethodSite$PogoCachedMethodSiteNoUnwrapNoCoerce.invoke(PogoMetaMethodSite.java:198)
at org.codehaus.groovy.runtime.callsite.PogoMetaMethodSite.callCurrent(PogoMetaMethodSite.java:62)
at org.codehaus.groovy.runtime.callsite.CallSiteArray.defaultCallCurrent(CallSiteArray.java:49)
at org.codehaus.groovy.runtime.callsite.AbstractCallSite.callCurrent(AbstractCallSite.java:171)
at org.codehaus.groovy.runtime.callsite.AbstractCallSite.callCurrent(AbstractCallSite.java:185)
at io.restassured.internal.ResponseSpecificationImpl.body(ResponseSpecificationImpl.groovy:107)
at io.restassured.internal.ValidatableResponseOptionsImpl.body(ValidatableResponseOptionsImpl.java:238)
at com.Models.request.GitApiAutomation.GetAllRepos(GitApiAutomation.java:78)
at java.base/jdk.internal.reflect.NativeMethodAccessorImpl.invoke0(Native Method)
at java.base/jdk.internal.reflect.NativeMethodAccessorImpl.invoke(NativeMethodAccessorImpl.java:77)
at java.base/jdk.internal.reflect.DelegatingMethodAccessorImpl.invoke(DelegatingMethodAccessorImpl.java:43)
at java.base/java.lang.reflect.Method.invoke(Method.java:568)
at org.testng.internal.invokers.MethodInvocationHelper.invokeMethod(MethodInvocationHelper.java:139)
at org.testng.internal.invokers.TestInvoker.invokeMethod(TestInvoker.java:677)
at org.testng.internal.invokers.TestInvoker.invokeTestMethod(TestInvoker.java:221)
at org.testng.internal.invokers.MethodRunner.runInSequence(MethodRunner.java:50)
at org.testng.internal.invokers.TestInvoker$MethodInvocationAgent.invoke(TestInvoker.java:962)
at org.testng.internal.invokers.TestInvoker.invokeTestMethods(TestInvoker.java:194)
at org.testng.internal.invokers.TestMethodWorker.invokeTestMethods(TestMethodWorker.java:148)
at org.testng.internal.invokers.TestMethodWorker.run(TestMethodWorker.java:128)
at java.base/java.util.ArrayList.forEach(ArrayList.java:1511)
at org.testng.TestRunner.privateRun(TestRunner.java:806)
at org.testng.TestRunner.run(TestRunner.java:601)
at org.testng.SuiteRunner.runTest(SuiteRunner.java:433)
at org.testng.SuiteRunner.runSequentially(SuiteRunner.java:427)
at org.testng.SuiteRunner.privateRun(SuiteRunner.java:387)
at org.testng.SuiteRunner.run(SuiteRunner.java:330)
at org.testng.SuiteRunnerWorker.runSuite(SuiteRunnerWorker.java:52)
at org.testng.SuiteRunnerWorker.run(SuiteRunnerWorker.java:95)
at org.testng.TestNG.runSuitesSequentially(TestNG.java:1256)
at org.testng.TestNG.runSuitesLocally(TestNG.java:1176)
at org.testng.TestNG.runSuites(TestNG.java:1099)
at org.testng.TestNG.run(TestNG.java:1067)
at org.testng.remote.AbstractRemoteTestNG.run(AbstractRemoteTestNG.java:115)
at org.testng.remote.RemoteTestNG.initAndRun(RemoteTestNG.java:251)
at org.testng.remote.RemoteTestNG.main(RemoteTestNG.java:77)
]]>
            </full-stacktrace>
          </exception> <!-- java.lang.AssertionError -->
          <reporter-output>
          </reporter-output>
        </test-method> <!-- GetAllRepos -->
      </class> <!-- com.Models.request.GitApiAutomation -->
    </test> <!-- Default test -->
  </suite> <!-- Default suite -->
</testng-results>
